<?xml version="1.0" encoding="UTF-8"?>
<testsuite xmlns:xsi="http://www.w3.org/2001/XMLSchema-instance" xsi:noNamespaceSchemaLocation="https://maven.apache.org/surefire/maven-surefire-plugin/xsd/surefire-test-report.xsd" name="TestRunners.Testrunner" time="76.407" tests="0" errors="0" skipped="0" failures="0">
  <properties>
    <property name="sun.desktop" value="windows"/>
    <property name="awt.toolkit" value="sun.awt.windows.WToolkit"/>
    <property name="file.encoding.pkg" value="sun.io"/>
    <property name="java.specification.version" value="1.8"/>
    <property name="sun.cpu.isalist" value="amd64"/>
    <property name="sun.jnu.encoding" value="Cp1252"/>
    <property name="java.class.path" value="C:\Digital Automation\Selenium automation\NRGAutomation\target\test-classes;C:\Digital Automation\Selenium automation\NRGAutomation\target\classes;C:\Users\cog_sjanar\.m2\repository\commons-io\commons-io\2.6\commons-io-2.6.jar;C:\Users\cog_sjanar\.m2\repository\com\vimalselvam\cucumber-extentsreport\3.0.2\cucumber-extentsreport-3.0.2.jar;C:\Users\cog_sjanar\.m2\repository\net\masterthought\cucumber-reporting\5.1.1\cucumber-reporting-5.1.1.jar;C:\Users\cog_sjanar\.m2\repository\com\fasterxml\jackson\core\jackson-databind\2.10.1\jackson-databind-2.10.1.jar;C:\Users\cog_sjanar\.m2\repository\com\fasterxml\jackson\core\jackson-annotations\2.10.1\jackson-annotations-2.10.1.jar;C:\Users\cog_sjanar\.m2\repository\com\fasterxml\jackson\core\jackson-core\2.10.1\jackson-core-2.10.1.jar;C:\Users\cog_sjanar\.m2\repository\com\fasterxml\jackson\datatype\jackson-datatype-jsr310\2.10.1\jackson-datatype-jsr310-2.10.1.jar;C:\Users\cog_sjanar\.m2\repository\org\apache\velocity\velocity-engine-core\2.1\velocity-engine-core-2.1.jar;C:\Users\cog_sjanar\.m2\repository\commons-collections\commons-collections\3.2.2\commons-collections-3.2.2.jar;C:\Users\cog_sjanar\.m2\repository\joda-time\joda-time\2.10.5\joda-time-2.10.5.jar;C:\Users\cog_sjanar\.m2\repository\org\apache\commons\commons-lang3\3.9\commons-lang3-3.9.jar;C:\Users\cog_sjanar\.m2\repository\org\codehaus\plexus\plexus-utils\3.3.0\plexus-utils-3.3.0.jar;C:\Users\cog_sjanar\.m2\repository\org\jsoup\jsoup\1.12.1\jsoup-1.12.1.jar;C:\Users\cog_sjanar\.m2\repository\com\googlecode\owasp-java-html-sanitizer\owasp-java-html-sanitizer\20191001.1\owasp-java-html-sanitizer-20191001.1.jar;C:\Users\cog_sjanar\.m2\repository\commons-configuration\commons-configuration\1.10\commons-configuration-1.10.jar;C:\Users\cog_sjanar\.m2\repository\commons-lang\commons-lang\2.6\commons-lang-2.6.jar;C:\Users\cog_sjanar\.m2\repository\commons-logging\commons-logging\1.1.1\commons-logging-1.1.1.jar;C:\Users\cog_sjanar\.m2\repository\info\cukes\cucumber-jvm-deps\1.0.5\cucumber-jvm-deps-1.0.5.jar;C:\Users\cog_sjanar\.m2\repository\info\cukes\cucumber-junit\1.2.5\cucumber-junit-1.2.5.jar;C:\Users\cog_sjanar\.m2\repository\info\cukes\cucumber-core\1.2.5\cucumber-core-1.2.5.jar;C:\Users\cog_sjanar\.m2\repository\info\cukes\cucumber-html\0.2.3\cucumber-html-0.2.3.jar;C:\Users\cog_sjanar\.m2\repository\info\cukes\gherkin\2.12.2\gherkin-2.12.2.jar;C:\Users\cog_sjanar\.m2\repository\info\cukes\cucumber-java\1.2.5\cucumber-java-1.2.5.jar;C:\Users\cog_sjanar\.m2\repository\org\testng\testng\6.8\testng-6.8.jar;C:\Users\cog_sjanar\.m2\repository\org\beanshell\bsh\2.0b4\bsh-2.0b4.jar;C:\Users\cog_sjanar\.m2\repository\com\beust\jcommander\1.27\jcommander-1.27.jar;C:\Users\cog_sjanar\.m2\repository\org\yaml\snakeyaml\1.6\snakeyaml-1.6.jar;C:\Users\cog_sjanar\.m2\repository\io\cucumber\cucumber-java\6.10.2\cucumber-java-6.10.2.jar;C:\Users\cog_sjanar\.m2\repository\io\cucumber\cucumber-core\6.10.2\cucumber-core-6.10.2.jar;C:\Users\cog_sjanar\.m2\repository\io\cucumber\cucumber-gherkin\6.10.2\cucumber-gherkin-6.10.2.jar;C:\Users\cog_sjanar\.m2\repository\io\cucumber\cucumber-gherkin-messages\6.10.2\cucumber-gherkin-messages-6.10.2.jar;C:\Users\cog_sjanar\.m2\repository\io\cucumber\messages\14.0.1\messages-14.0.1.jar;C:\Users\cog_sjanar\.m2\repository\io\cucumber\tag-expressions\3.0.0\tag-expressions-3.0.0.jar;C:\Users\cog_sjanar\.m2\repository\io\cucumber\cucumber-expressions\10.3.0\cucumber-expressions-10.3.0.jar;C:\Users\cog_sjanar\.m2\repository\io\cucumber\datatable\3.5.0\datatable-3.5.0.jar;C:\Users\cog_sjanar\.m2\repository\io\cucumber\cucumber-plugin\6.10.2\cucumber-plugin-6.10.2.jar;C:\Users\cog_sjanar\.m2\repository\io\cucumber\docstring\6.10.2\docstring-6.10.2.jar;C:\Users\cog_sjanar\.m2\repository\io\cucumber\html-formatter\12.0.0\html-formatter-12.0.0.jar;C:\Users\cog_sjanar\.m2\repository\io\cucumber\create-meta\3.0.0\create-meta-3.0.0.jar;C:\Users\cog_sjanar\.m2\repository\org\apiguardian\apiguardian-api\1.1.1\apiguardian-api-1.1.1.jar;C:\Users\cog_sjanar\.m2\repository\io\cucumber\cucumber-junit\6.10.2\cucumber-junit-6.10.2.jar;C:\Users\cog_sjanar\.m2\repository\io\cucumber\cucumber-picocontainer\6.10.2\cucumber-picocontainer-6.10.2.jar;C:\Users\cog_sjanar\.m2\repository\org\picocontainer\picocontainer\2.15\picocontainer-2.15.jar;C:\Users\cog_sjanar\.m2\repository\junit\junit\4.12\junit-4.12.jar;C:\Users\cog_sjanar\.m2\repository\org\hamcrest\hamcrest-core\1.3\hamcrest-core-1.3.jar;C:\Users\cog_sjanar\.m2\repository\org\seleniumhq\selenium\selenium-java\3.141.59\selenium-java-3.141.59.jar;C:\Users\cog_sjanar\.m2\repository\org\seleniumhq\selenium\selenium-api\3.141.59\selenium-api-3.141.59.jar;C:\Users\cog_sjanar\.m2\repository\org\seleniumhq\selenium\selenium-chrome-driver\3.141.59\selenium-chrome-driver-3.141.59.jar;C:\Users\cog_sjanar\.m2\repository\org\seleniumhq\selenium\selenium-edge-driver\3.141.59\selenium-edge-driver-3.141.59.jar;C:\Users\cog_sjanar\.m2\repository\org\seleniumhq\selenium\selenium-firefox-driver\3.141.59\selenium-firefox-driver-3.141.59.jar;C:\Users\cog_sjanar\.m2\repository\org\seleniumhq\selenium\selenium-ie-driver\3.141.59\selenium-ie-driver-3.141.59.jar;C:\Users\cog_sjanar\.m2\repository\org\seleniumhq\selenium\selenium-opera-driver\3.141.59\selenium-opera-driver-3.141.59.jar;C:\Users\cog_sjanar\.m2\repository\org\seleniumhq\selenium\selenium-remote-driver\3.141.59\selenium-remote-driver-3.141.59.jar;C:\Users\cog_sjanar\.m2\repository\org\seleniumhq\selenium\selenium-safari-driver\3.141.59\selenium-safari-driver-3.141.59.jar;C:\Users\cog_sjanar\.m2\repository\org\seleniumhq\selenium\selenium-support\3.141.59\selenium-support-3.141.59.jar;C:\Users\cog_sjanar\.m2\repository\net\bytebuddy\byte-buddy\1.8.15\byte-buddy-1.8.15.jar;C:\Users\cog_sjanar\.m2\repository\org\apache\commons\commons-exec\1.3\commons-exec-1.3.jar;C:\Users\cog_sjanar\.m2\repository\com\google\guava\guava\25.0-jre\guava-25.0-jre.jar;C:\Users\cog_sjanar\.m2\repository\com\google\code\findbugs\jsr305\1.3.9\jsr305-1.3.9.jar;C:\Users\cog_sjanar\.m2\repository\org\checkerframework\checker-compat-qual\2.0.0\checker-compat-qual-2.0.0.jar;C:\Users\cog_sjanar\.m2\repository\com\google\errorprone\error_prone_annotations\2.1.3\error_prone_annotations-2.1.3.jar;C:\Users\cog_sjanar\.m2\repository\com\google\j2objc\j2objc-annotations\1.1\j2objc-annotations-1.1.jar;C:\Users\cog_sjanar\.m2\repository\org\codehaus\mojo\animal-sniffer-annotations\1.14\animal-sniffer-annotations-1.14.jar;C:\Users\cog_sjanar\.m2\repository\com\squareup\okhttp3\okhttp\3.11.0\okhttp-3.11.0.jar;C:\Users\cog_sjanar\.m2\repository\com\squareup\okio\okio\1.14.0\okio-1.14.0.jar;C:\Users\cog_sjanar\.m2\repository\io\github\bonigarcia\webdrivermanager\4.4.3\webdrivermanager-4.4.3.jar;C:\Users\cog_sjanar\.m2\repository\org\slf4j\slf4j-api\1.7.30\slf4j-api-1.7.30.jar;C:\Users\cog_sjanar\.m2\repository\com\google\code\gson\gson\2.8.6\gson-2.8.6.jar;C:\Users\cog_sjanar\.m2\repository\org\apache\httpcomponents\client5\httpclient5\5.0.3\httpclient5-5.0.3.jar;C:\Users\cog_sjanar\.m2\repository\org\apache\httpcomponents\core5\httpcore5\5.0.2\httpcore5-5.0.2.jar;C:\Users\cog_sjanar\.m2\repository\org\apache\httpcomponents\core5\httpcore5-h2\5.0.2\httpcore5-h2-5.0.2.jar;C:\Users\cog_sjanar\.m2\repository\org\rauschig\jarchivelib\1.1.0\jarchivelib-1.1.0.jar;C:\Users\cog_sjanar\.m2\repository\tech\grasshopper\extentreports-cucumber6-adapter\2.8.3\extentreports-cucumber6-adapter-2.8.3.jar;C:\Users\cog_sjanar\.m2\repository\com\aventstack\extentreports\5.0.8\extentreports-5.0.8.jar;C:\Users\cog_sjanar\.m2\repository\io\reactivex\rxjava3\rxjava\3.0.4\rxjava-3.0.4.jar;C:\Users\cog_sjanar\.m2\repository\org\reactivestreams\reactive-streams\1.0.3\reactive-streams-1.0.3.jar;C:\Users\cog_sjanar\.m2\repository\org\freemarker\freemarker\2.3.30\freemarker-2.3.30.jar;C:\Users\cog_sjanar\.m2\repository\org\projectlombok\lombok\1.18.12\lombok-1.18.12.jar;C:\Users\cog_sjanar\.m2\repository\tech\grasshopper\extent-pdf-report\1.7.3\extent-pdf-report-1.7.3.jar;C:\Users\cog_sjanar\.m2\repository\tech\grasshopper\cucumber-pdf-report\2.2.4\cucumber-pdf-report-2.2.4.jar;C:\Users\cog_sjanar\.m2\repository\org\apache\pdfbox\pdfbox\2.0.22\pdfbox-2.0.22.jar;C:\Users\cog_sjanar\.m2\repository\org\apache\pdfbox\fontbox\2.0.22\fontbox-2.0.22.jar;C:\Users\cog_sjanar\.m2\repository\org\knowm\xchart\xchart\3.8.0\xchart-3.8.0.jar;C:\Users\cog_sjanar\.m2\repository\de\erichseifert\vectorgraphics2d\VectorGraphics2D\0.13\VectorGraphics2D-0.13.jar;C:\Users\cog_sjanar\.m2\repository\de\rototor\pdfbox\graphics2d\0.30\graphics2d-0.30.jar;C:\Users\cog_sjanar\.m2\repository\com\madgag\animated-gif-lib\1.4\animated-gif-lib-1.4.jar;C:\Users\cog_sjanar\.m2\repository\tech\grasshopper\table-layout\1.2.0\table-layout-1.2.0.jar;C:\Users\cog_sjanar\.m2\repository\com\aventstack\klov-reporter\5.0.8\klov-reporter-5.0.8.jar;C:\Users\cog_sjanar\.m2\repository\org\mongodb\bson\3.6.4\bson-3.6.4.jar;C:\Users\cog_sjanar\.m2\repository\org\mongodb\mongodb-driver\3.3.0\mongodb-driver-3.3.0.jar;C:\Users\cog_sjanar\.m2\repository\org\mongodb\mongodb-driver-core\3.3.0\mongodb-driver-core-3.3.0.jar;C:\Users\cog_sjanar\.m2\repository\log4j\log4j\1.2.17\log4j-1.2.17.jar;C:\Users\cog_sjanar\.m2\repository\com\datastax\cassandra\cassandra-driver-core\3.10.2\cassandra-driver-core-3.10.2.jar;C:\Users\cog_sjanar\.m2\repository\io\netty\netty-handler\4.0.56.Final\netty-handler-4.0.56.Final.jar;C:\Users\cog_sjanar\.m2\repository\io\netty\netty-buffer\4.0.56.Final\netty-buffer-4.0.56.Final.jar;C:\Users\cog_sjanar\.m2\repository\io\netty\netty-common\4.0.56.Final\netty-common-4.0.56.Final.jar;C:\Users\cog_sjanar\.m2\repository\io\netty\netty-transport\4.0.56.Final\netty-transport-4.0.56.Final.jar;C:\Users\cog_sjanar\.m2\repository\io\netty\netty-codec\4.0.56.Final\netty-codec-4.0.56.Final.jar;C:\Users\cog_sjanar\.m2\repository\io\dropwizard\metrics\metrics-core\3.2.2\metrics-core-3.2.2.jar;C:\Users\cog_sjanar\.m2\repository\com\github\jnr\jnr-ffi\2.1.7\jnr-ffi-2.1.7.jar;C:\Users\cog_sjanar\.m2\repository\com\github\jnr\jffi\1.2.16\jffi-1.2.16.jar;C:\Users\cog_sjanar\.m2\repository\com\github\jnr\jffi\1.2.16\jffi-1.2.16-native.jar;C:\Users\cog_sjanar\.m2\repository\org\ow2\asm\asm\5.0.3\asm-5.0.3.jar;C:\Users\cog_sjanar\.m2\repository\org\ow2\asm\asm-commons\5.0.3\asm-commons-5.0.3.jar;C:\Users\cog_sjanar\.m2\repository\org\ow2\asm\asm-analysis\5.0.3\asm-analysis-5.0.3.jar;C:\Users\cog_sjanar\.m2\repository\org\ow2\asm\asm-tree\5.0.3\asm-tree-5.0.3.jar;C:\Users\cog_sjanar\.m2\repository\org\ow2\asm\asm-util\5.0.3\asm-util-5.0.3.jar;C:\Users\cog_sjanar\.m2\repository\com\github\jnr\jnr-x86asm\1.0.2\jnr-x86asm-1.0.2.jar;C:\Users\cog_sjanar\.m2\repository\com\github\jnr\jnr-posix\3.0.44\jnr-posix-3.0.44.jar;C:\Users\cog_sjanar\.m2\repository\com\github\jnr\jnr-constants\0.9.9\jnr-constants-0.9.9.jar;C:\Users\cog_sjanar\.m2\repository\com\datastax\cassandra\cassandra-driver-mapping\3.10.2\cassandra-driver-mapping-3.10.2.jar;C:\Users\cog_sjanar\.m2\repository\com\datastax\cassandra\cassandra-driver-extras\3.10.2\cassandra-driver-extras-3.10.2.jar;C:\Users\cog_sjanar\.m2\repository\org\cassandraunit\cassandra-unit\3.11.2.0\cassandra-unit-3.11.2.0.jar;C:\Users\cog_sjanar\.m2\repository\org\apache\cassandra\cassandra-all\3.11.4\cassandra-all-3.11.4.jar;C:\Users\cog_sjanar\.m2\repository\org\xerial\snappy\snappy-java\1.1.1.7\snappy-java-1.1.1.7.jar;C:\Users\cog_sjanar\.m2\repository\net\jpountz\lz4\lz4\1.3.0\lz4-1.3.0.jar;C:\Users\cog_sjanar\.m2\repository\com\ning\compress-lzf\0.8.4\compress-lzf-0.8.4.jar;C:\Users\cog_sjanar\.m2\repository\commons-cli\commons-cli\1.1\commons-cli-1.1.jar;C:\Users\cog_sjanar\.m2\repository\com\googlecode\concurrentlinkedhashmap\concurrentlinkedhashmap-lru\1.4\concurrentlinkedhashmap-lru-1.4.jar;C:\Users\cog_sjanar\.m2\repository\org\antlr\antlr\3.5.2\antlr-3.5.2.jar;C:\Users\cog_sjanar\.m2\repository\org\antlr\ST4\4.0.8\ST4-4.0.8.jar;C:\Users\cog_sjanar\.m2\repository\org\antlr\antlr-runtime\3.5.2\antlr-runtime-3.5.2.jar;C:\Users\cog_sjanar\.m2\repository\org\slf4j\jcl-over-slf4j\1.7.7\jcl-over-slf4j-1.7.7.jar;C:\Users\cog_sjanar\.m2\repository\org\codehaus\jackson\jackson-core-asl\1.9.2\jackson-core-asl-1.9.2.jar;C:\Users\cog_sjanar\.m2\repository\org\codehaus\jackson\jackson-mapper-asl\1.9.2\jackson-mapper-asl-1.9.2.jar;C:\Users\cog_sjanar\.m2\repository\com\boundary\high-scale-lib\1.0.6\high-scale-lib-1.0.6.jar;C:\Users\cog_sjanar\.m2\repository\org\mindrot\jbcrypt\0.3m\jbcrypt-0.3m.jar;C:\Users\cog_sjanar\.m2\repository\io\airlift\airline\0.6\airline-0.6.jar;C:\Users\cog_sjanar\.m2\repository\javax\inject\javax.inject\1\javax.inject-1.jar;C:\Users\cog_sjanar\.m2\repository\io\dropwizard\metrics\metrics-jvm\3.1.5\metrics-jvm-3.1.5.jar;C:\Users\cog_sjanar\.m2\repository\com\addthis\metrics\reporter-config3\3.0.3\reporter-config3-3.0.3.jar;C:\Users\cog_sjanar\.m2\repository\com\addthis\metrics\reporter-config-base\3.0.3\reporter-config-base-3.0.3.jar;C:\Users\cog_sjanar\.m2\repository\com\thinkaurelius\thrift\thrift-server\0.3.7\thrift-server-0.3.7.jar;C:\Users\cog_sjanar\.m2\repository\com\lmax\disruptor\3.0.1\disruptor-3.0.1.jar;C:\Users\cog_sjanar\.m2\repository\com\clearspring\analytics\stream\2.5.2\stream-2.5.2.jar;C:\Users\cog_sjanar\.m2\repository\it\unimi\dsi\fastutil\6.5.7\fastutil-6.5.7.jar;C:\Users\cog_sjanar\.m2\repository\ch\qos\logback\logback-core\1.1.3\logback-core-1.1.3.jar;C:\Users\cog_sjanar\.m2\repository\ch\qos\logback\logback-classic\1.1.3\logback-classic-1.1.3.jar;C:\Users\cog_sjanar\.m2\repository\org\apache\cassandra\cassandra-thrift\3.11.4\cassandra-thrift-3.11.4.jar;C:\Users\cog_sjanar\.m2\repository\com\carrotsearch\hppc\0.5.4\hppc-0.5.4.jar;C:\Users\cog_sjanar\.m2\repository\de\jflex\jflex\1.6.0\jflex-1.6.0.jar;C:\Users\cog_sjanar\.m2\repository\org\apache\ant\ant\1.7.0\ant-1.7.0.jar;C:\Users\cog_sjanar\.m2\repository\org\apache\ant\ant-launcher\1.7.0\ant-launcher-1.7.0.jar;C:\Users\cog_sjanar\.m2\repository\com\github\rholder\snowball-stemmer\1.3.0.581.1\snowball-stemmer-1.3.0.581.1.jar;C:\Users\cog_sjanar\.m2\repository\com\googlecode\concurrent-trees\concurrent-trees\2.4.0\concurrent-trees-2.4.0.jar;C:\Users\cog_sjanar\.m2\repository\com\github\jbellis\jamm\0.3.0\jamm-0.3.0.jar;C:\Users\cog_sjanar\.m2\repository\org\fusesource\sigar\1.6.4\sigar-1.6.4.jar;C:\Users\cog_sjanar\.m2\repository\org\eclipse\jdt\core\compiler\ecj\4.4.2\ecj-4.4.2.jar;C:\Users\cog_sjanar\.m2\repository\org\caffinitas\ohc\ohc-core\0.4.4\ohc-core-0.4.4.jar;C:\Users\cog_sjanar\.m2\repository\org\caffinitas\ohc\ohc-core-j8\0.4.4\ohc-core-j8-0.4.4.jar;C:\Users\cog_sjanar\.m2\repository\com\github\ben-manes\caffeine\caffeine\2.2.6\caffeine-2.2.6.jar;C:\Users\cog_sjanar\.m2\repository\org\jctools\jctools-core\1.2.1\jctools-core-1.2.1.jar;C:\Users\cog_sjanar\.m2\repository\org\apache\thrift\libthrift\0.9.2\libthrift-0.9.2.jar;C:\Users\cog_sjanar\.m2\repository\net\java\dev\jna\jna\4.1.0\jna-4.1.0.jar;C:\Users\cog_sjanar\.m2\repository\org\hamcrest\hamcrest-library\1.3\hamcrest-library-1.3.jar;C:\Users\cog_sjanar\.m2\repository\org\apache\poi\poi\4.1.2\poi-4.1.2.jar;C:\Users\cog_sjanar\.m2\repository\commons-codec\commons-codec\1.13\commons-codec-1.13.jar;C:\Users\cog_sjanar\.m2\repository\org\apache\commons\commons-collections4\4.4\commons-collections4-4.4.jar;C:\Users\cog_sjanar\.m2\repository\org\apache\commons\commons-math3\3.6.1\commons-math3-3.6.1.jar;C:\Users\cog_sjanar\.m2\repository\com\zaxxer\SparseBitSet\1.2\SparseBitSet-1.2.jar;C:\Users\cog_sjanar\.m2\repository\org\apache\poi\poi-ooxml\4.1.2\poi-ooxml-4.1.2.jar;C:\Users\cog_sjanar\.m2\repository\org\apache\poi\poi-ooxml-schemas\4.1.2\poi-ooxml-schemas-4.1.2.jar;C:\Users\cog_sjanar\.m2\repository\org\apache\xmlbeans\xmlbeans\3.1.0\xmlbeans-3.1.0.jar;C:\Users\cog_sjanar\.m2\repository\org\apache\commons\commons-compress\1.19\commons-compress-1.19.jar;C:\Users\cog_sjanar\.m2\repository\com\github\virtuald\curvesapi\1.06\curvesapi-1.06.jar;C:\Users\cog_sjanar\.m2\repository\io\rest-assured\rest-assured\4.3.3\rest-assured-4.3.3.jar;C:\Users\cog_sjanar\.m2\repository\org\codehaus\groovy\groovy\3.0.7\groovy-3.0.7.jar;C:\Users\cog_sjanar\.m2\repository\org\codehaus\groovy\groovy-xml\3.0.7\groovy-xml-3.0.7.jar;C:\Users\cog_sjanar\.m2\repository\org\apache\httpcomponents\httpclient\4.5.3\httpclient-4.5.3.jar;C:\Users\cog_sjanar\.m2\repository\org\apache\httpcomponents\httpmime\4.5.3\httpmime-4.5.3.jar;C:\Users\cog_sjanar\.m2\repository\org\hamcrest\hamcrest\2.1\hamcrest-2.1.jar;C:\Users\cog_sjanar\.m2\repository\org\ccil\cowan\tagsoup\tagsoup\1.2.1\tagsoup-1.2.1.jar;C:\Users\cog_sjanar\.m2\repository\io\rest-assured\json-path\4.3.3\json-path-4.3.3.jar;C:\Users\cog_sjanar\.m2\repository\org\codehaus\groovy\groovy-json\3.0.7\groovy-json-3.0.7.jar;C:\Users\cog_sjanar\.m2\repository\io\rest-assured\xml-path\4.3.3\xml-path-4.3.3.jar;C:\Users\cog_sjanar\.m2\repository\io\rest-assured\rest-assured-common\4.3.3\rest-assured-common-4.3.3.jar;C:\Users\cog_sjanar\.m2\repository\jakarta\xml\bind\jakarta.xml.bind-api\2.3.3\jakarta.xml.bind-api-2.3.3.jar;C:\Users\cog_sjanar\.m2\repository\jakarta\activation\jakarta.activation-api\1.2.2\jakarta.activation-api-1.2.2.jar;C:\Users\cog_sjanar\.m2\repository\com\sun\xml\bind\jaxb-impl\2.3.3\jaxb-impl-2.3.3.jar;C:\Users\cog_sjanar\.m2\repository\com\jayway\jsonpath\json-path\2.5.0\json-path-2.5.0.jar;C:\Users\cog_sjanar\.m2\repository\net\minidev\json-smart\2.3\json-smart-2.3.jar;C:\Users\cog_sjanar\.m2\repository\net\minidev\accessors-smart\1.2\accessors-smart-1.2.jar;C:\Users\cog_sjanar\.m2\repository\org\apache\httpcomponents\httpcore\4.4.14\httpcore-4.4.14.jar;C:\Users\cog_sjanar\.m2\repository\com\codeborne\phantomjsdriver\1.4.1\phantomjsdriver-1.4.1.jar;C:\Users\cog_sjanar\.m2\repository\com\googlecode\json-simple\json-simple\1.1.1\json-simple-1.1.1.jar;C:\Users\cog_sjanar\.m2\repository\com\amazonaws\aws-java-sdk-s3\1.11.1034\aws-java-sdk-s3-1.11.1034.jar;C:\Users\cog_sjanar\.m2\repository\com\amazonaws\aws-java-sdk-kms\1.11.1034\aws-java-sdk-kms-1.11.1034.jar;C:\Users\cog_sjanar\.m2\repository\com\amazonaws\aws-java-sdk-core\1.11.1034\aws-java-sdk-core-1.11.1034.jar;C:\Users\cog_sjanar\.m2\repository\software\amazon\ion\ion-java\1.0.2\ion-java-1.0.2.jar;C:\Users\cog_sjanar\.m2\repository\com\fasterxml\jackson\dataformat\jackson-dataformat-cbor\2.6.7\jackson-dataformat-cbor-2.6.7.jar;C:\Users\cog_sjanar\.m2\repository\com\amazonaws\jmespath-java\1.11.1034\jmespath-java-1.11.1034.jar;"/>
    <property name="java.vm.vendor" value="Oracle Corporation"/>
    <property name="sun.arch.data.model" value="64"/>
    <property name="user.variant" value=""/>
    <property name="java.vendor.url" value="http://java.oracle.com/"/>
    <property name="user.timezone" value="America/Chicago"/>
    <property name="java.vm.specification.version" value="1.8"/>
    <property name="os.name" value="Windows 10"/>
    <property name="user.country" value="US"/>
    <property name="sun.java.launcher" value="SUN_STANDARD"/>
    <property name="sun.boot.library.path" value="C:\Program Files\Java\jdk1.8.0_211\jre\bin"/>
    <property name="sun.java.command" value="C:\Users\COG_SJ~1\AppData\Local\Temp\surefire833439924100975245\surefirebooter2144328940198669769.jar C:\Users\cog_sjanar\AppData\Local\Temp\surefire833439924100975245 2021-10-28T15-31-55_666-jvmRun1 surefire4964813105646645046tmp surefire_01707704712631352495tmp"/>
    <property name="surefire.test.class.path" value="C:\Digital Automation\Selenium automation\NRGAutomation\target\test-classes;C:\Digital Automation\Selenium automation\NRGAutomation\target\classes;C:\Users\cog_sjanar\.m2\repository\commons-io\commons-io\2.6\commons-io-2.6.jar;C:\Users\cog_sjanar\.m2\repository\com\vimalselvam\cucumber-extentsreport\3.0.2\cucumber-extentsreport-3.0.2.jar;C:\Users\cog_sjanar\.m2\repository\net\masterthought\cucumber-reporting\5.1.1\cucumber-reporting-5.1.1.jar;C:\Users\cog_sjanar\.m2\repository\com\fasterxml\jackson\core\jackson-databind\2.10.1\jackson-databind-2.10.1.jar;C:\Users\cog_sjanar\.m2\repository\com\fasterxml\jackson\core\jackson-annotations\2.10.1\jackson-annotations-2.10.1.jar;C:\Users\cog_sjanar\.m2\repository\com\fasterxml\jackson\core\jackson-core\2.10.1\jackson-core-2.10.1.jar;C:\Users\cog_sjanar\.m2\repository\com\fasterxml\jackson\datatype\jackson-datatype-jsr310\2.10.1\jackson-datatype-jsr310-2.10.1.jar;C:\Users\cog_sjanar\.m2\repository\org\apache\velocity\velocity-engine-core\2.1\velocity-engine-core-2.1.jar;C:\Users\cog_sjanar\.m2\repository\commons-collections\commons-collections\3.2.2\commons-collections-3.2.2.jar;C:\Users\cog_sjanar\.m2\repository\joda-time\joda-time\2.10.5\joda-time-2.10.5.jar;C:\Users\cog_sjanar\.m2\repository\org\apache\commons\commons-lang3\3.9\commons-lang3-3.9.jar;C:\Users\cog_sjanar\.m2\repository\org\codehaus\plexus\plexus-utils\3.3.0\plexus-utils-3.3.0.jar;C:\Users\cog_sjanar\.m2\repository\org\jsoup\jsoup\1.12.1\jsoup-1.12.1.jar;C:\Users\cog_sjanar\.m2\repository\com\googlecode\owasp-java-html-sanitizer\owasp-java-html-sanitizer\20191001.1\owasp-java-html-sanitizer-20191001.1.jar;C:\Users\cog_sjanar\.m2\repository\commons-configuration\commons-configuration\1.10\commons-configuration-1.10.jar;C:\Users\cog_sjanar\.m2\repository\commons-lang\commons-lang\2.6\commons-lang-2.6.jar;C:\Users\cog_sjanar\.m2\repository\commons-logging\commons-logging\1.1.1\commons-logging-1.1.1.jar;C:\Users\cog_sjanar\.m2\repository\info\cukes\cucumber-jvm-deps\1.0.5\cucumber-jvm-deps-1.0.5.jar;C:\Users\cog_sjanar\.m2\repository\info\cukes\cucumber-junit\1.2.5\cucumber-junit-1.2.5.jar;C:\Users\cog_sjanar\.m2\repository\info\cukes\cucumber-core\1.2.5\cucumber-core-1.2.5.jar;C:\Users\cog_sjanar\.m2\repository\info\cukes\cucumber-html\0.2.3\cucumber-html-0.2.3.jar;C:\Users\cog_sjanar\.m2\repository\info\cukes\gherkin\2.12.2\gherkin-2.12.2.jar;C:\Users\cog_sjanar\.m2\repository\info\cukes\cucumber-java\1.2.5\cucumber-java-1.2.5.jar;C:\Users\cog_sjanar\.m2\repository\org\testng\testng\6.8\testng-6.8.jar;C:\Users\cog_sjanar\.m2\repository\org\beanshell\bsh\2.0b4\bsh-2.0b4.jar;C:\Users\cog_sjanar\.m2\repository\com\beust\jcommander\1.27\jcommander-1.27.jar;C:\Users\cog_sjanar\.m2\repository\org\yaml\snakeyaml\1.6\snakeyaml-1.6.jar;C:\Users\cog_sjanar\.m2\repository\io\cucumber\cucumber-java\6.10.2\cucumber-java-6.10.2.jar;C:\Users\cog_sjanar\.m2\repository\io\cucumber\cucumber-core\6.10.2\cucumber-core-6.10.2.jar;C:\Users\cog_sjanar\.m2\repository\io\cucumber\cucumber-gherkin\6.10.2\cucumber-gherkin-6.10.2.jar;C:\Users\cog_sjanar\.m2\repository\io\cucumber\cucumber-gherkin-messages\6.10.2\cucumber-gherkin-messages-6.10.2.jar;C:\Users\cog_sjanar\.m2\repository\io\cucumber\messages\14.0.1\messages-14.0.1.jar;C:\Users\cog_sjanar\.m2\repository\io\cucumber\tag-expressions\3.0.0\tag-expressions-3.0.0.jar;C:\Users\cog_sjanar\.m2\repository\io\cucumber\cucumber-expressions\10.3.0\cucumber-expressions-10.3.0.jar;C:\Users\cog_sjanar\.m2\repository\io\cucumber\datatable\3.5.0\datatable-3.5.0.jar;C:\Users\cog_sjanar\.m2\repository\io\cucumber\cucumber-plugin\6.10.2\cucumber-plugin-6.10.2.jar;C:\Users\cog_sjanar\.m2\repository\io\cucumber\docstring\6.10.2\docstring-6.10.2.jar;C:\Users\cog_sjanar\.m2\repository\io\cucumber\html-formatter\12.0.0\html-formatter-12.0.0.jar;C:\Users\cog_sjanar\.m2\repository\io\cucumber\create-meta\3.0.0\create-meta-3.0.0.jar;C:\Users\cog_sjanar\.m2\repository\org\apiguardian\apiguardian-api\1.1.1\apiguardian-api-1.1.1.jar;C:\Users\cog_sjanar\.m2\repository\io\cucumber\cucumber-junit\6.10.2\cucumber-junit-6.10.2.jar;C:\Users\cog_sjanar\.m2\repository\io\cucumber\cucumber-picocontainer\6.10.2\cucumber-picocontainer-6.10.2.jar;C:\Users\cog_sjanar\.m2\repository\org\picocontainer\picocontainer\2.15\picocontainer-2.15.jar;C:\Users\cog_sjanar\.m2\repository\junit\junit\4.12\junit-4.12.jar;C:\Users\cog_sjanar\.m2\repository\org\hamcrest\hamcrest-core\1.3\hamcrest-core-1.3.jar;C:\Users\cog_sjanar\.m2\repository\org\seleniumhq\selenium\selenium-java\3.141.59\selenium-java-3.141.59.jar;C:\Users\cog_sjanar\.m2\repository\org\seleniumhq\selenium\selenium-api\3.141.59\selenium-api-3.141.59.jar;C:\Users\cog_sjanar\.m2\repository\org\seleniumhq\selenium\selenium-chrome-driver\3.141.59\selenium-chrome-driver-3.141.59.jar;C:\Users\cog_sjanar\.m2\repository\org\seleniumhq\selenium\selenium-edge-driver\3.141.59\selenium-edge-driver-3.141.59.jar;C:\Users\cog_sjanar\.m2\repository\org\seleniumhq\selenium\selenium-firefox-driver\3.141.59\selenium-firefox-driver-3.141.59.jar;C:\Users\cog_sjanar\.m2\repository\org\seleniumhq\selenium\selenium-ie-driver\3.141.59\selenium-ie-driver-3.141.59.jar;C:\Users\cog_sjanar\.m2\repository\org\seleniumhq\selenium\selenium-opera-driver\3.141.59\selenium-opera-driver-3.141.59.jar;C:\Users\cog_sjanar\.m2\repository\org\seleniumhq\selenium\selenium-remote-driver\3.141.59\selenium-remote-driver-3.141.59.jar;C:\Users\cog_sjanar\.m2\repository\org\seleniumhq\selenium\selenium-safari-driver\3.141.59\selenium-safari-driver-3.141.59.jar;C:\Users\cog_sjanar\.m2\repository\org\seleniumhq\selenium\selenium-support\3.141.59\selenium-support-3.141.59.jar;C:\Users\cog_sjanar\.m2\repository\net\bytebuddy\byte-buddy\1.8.15\byte-buddy-1.8.15.jar;C:\Users\cog_sjanar\.m2\repository\org\apache\commons\commons-exec\1.3\commons-exec-1.3.jar;C:\Users\cog_sjanar\.m2\repository\com\google\guava\guava\25.0-jre\guava-25.0-jre.jar;C:\Users\cog_sjanar\.m2\repository\com\google\code\findbugs\jsr305\1.3.9\jsr305-1.3.9.jar;C:\Users\cog_sjanar\.m2\repository\org\checkerframework\checker-compat-qual\2.0.0\checker-compat-qual-2.0.0.jar;C:\Users\cog_sjanar\.m2\repository\com\google\errorprone\error_prone_annotations\2.1.3\error_prone_annotations-2.1.3.jar;C:\Users\cog_sjanar\.m2\repository\com\google\j2objc\j2objc-annotations\1.1\j2objc-annotations-1.1.jar;C:\Users\cog_sjanar\.m2\repository\org\codehaus\mojo\animal-sniffer-annotations\1.14\animal-sniffer-annotations-1.14.jar;C:\Users\cog_sjanar\.m2\repository\com\squareup\okhttp3\okhttp\3.11.0\okhttp-3.11.0.jar;C:\Users\cog_sjanar\.m2\repository\com\squareup\okio\okio\1.14.0\okio-1.14.0.jar;C:\Users\cog_sjanar\.m2\repository\io\github\bonigarcia\webdrivermanager\4.4.3\webdrivermanager-4.4.3.jar;C:\Users\cog_sjanar\.m2\repository\org\slf4j\slf4j-api\1.7.30\slf4j-api-1.7.30.jar;C:\Users\cog_sjanar\.m2\repository\com\google\code\gson\gson\2.8.6\gson-2.8.6.jar;C:\Users\cog_sjanar\.m2\repository\org\apache\httpcomponents\client5\httpclient5\5.0.3\httpclient5-5.0.3.jar;C:\Users\cog_sjanar\.m2\repository\org\apache\httpcomponents\core5\httpcore5\5.0.2\httpcore5-5.0.2.jar;C:\Users\cog_sjanar\.m2\repository\org\apache\httpcomponents\core5\httpcore5-h2\5.0.2\httpcore5-h2-5.0.2.jar;C:\Users\cog_sjanar\.m2\repository\org\rauschig\jarchivelib\1.1.0\jarchivelib-1.1.0.jar;C:\Users\cog_sjanar\.m2\repository\tech\grasshopper\extentreports-cucumber6-adapter\2.8.3\extentreports-cucumber6-adapter-2.8.3.jar;C:\Users\cog_sjanar\.m2\repository\com\aventstack\extentreports\5.0.8\extentreports-5.0.8.jar;C:\Users\cog_sjanar\.m2\repository\io\reactivex\rxjava3\rxjava\3.0.4\rxjava-3.0.4.jar;C:\Users\cog_sjanar\.m2\repository\org\reactivestreams\reactive-streams\1.0.3\reactive-streams-1.0.3.jar;C:\Users\cog_sjanar\.m2\repository\org\freemarker\freemarker\2.3.30\freemarker-2.3.30.jar;C:\Users\cog_sjanar\.m2\repository\org\projectlombok\lombok\1.18.12\lombok-1.18.12.jar;C:\Users\cog_sjanar\.m2\repository\tech\grasshopper\extent-pdf-report\1.7.3\extent-pdf-report-1.7.3.jar;C:\Users\cog_sjanar\.m2\repository\tech\grasshopper\cucumber-pdf-report\2.2.4\cucumber-pdf-report-2.2.4.jar;C:\Users\cog_sjanar\.m2\repository\org\apache\pdfbox\pdfbox\2.0.22\pdfbox-2.0.22.jar;C:\Users\cog_sjanar\.m2\repository\org\apache\pdfbox\fontbox\2.0.22\fontbox-2.0.22.jar;C:\Users\cog_sjanar\.m2\repository\org\knowm\xchart\xchart\3.8.0\xchart-3.8.0.jar;C:\Users\cog_sjanar\.m2\repository\de\erichseifert\vectorgraphics2d\VectorGraphics2D\0.13\VectorGraphics2D-0.13.jar;C:\Users\cog_sjanar\.m2\repository\de\rototor\pdfbox\graphics2d\0.30\graphics2d-0.30.jar;C:\Users\cog_sjanar\.m2\repository\com\madgag\animated-gif-lib\1.4\animated-gif-lib-1.4.jar;C:\Users\cog_sjanar\.m2\repository\tech\grasshopper\table-layout\1.2.0\table-layout-1.2.0.jar;C:\Users\cog_sjanar\.m2\repository\com\aventstack\klov-reporter\5.0.8\klov-reporter-5.0.8.jar;C:\Users\cog_sjanar\.m2\repository\org\mongodb\bson\3.6.4\bson-3.6.4.jar;C:\Users\cog_sjanar\.m2\repository\org\mongodb\mongodb-driver\3.3.0\mongodb-driver-3.3.0.jar;C:\Users\cog_sjanar\.m2\repository\org\mongodb\mongodb-driver-core\3.3.0\mongodb-driver-core-3.3.0.jar;C:\Users\cog_sjanar\.m2\repository\log4j\log4j\1.2.17\log4j-1.2.17.jar;C:\Users\cog_sjanar\.m2\repository\com\datastax\cassandra\cassandra-driver-core\3.10.2\cassandra-driver-core-3.10.2.jar;C:\Users\cog_sjanar\.m2\repository\io\netty\netty-handler\4.0.56.Final\netty-handler-4.0.56.Final.jar;C:\Users\cog_sjanar\.m2\repository\io\netty\netty-buffer\4.0.56.Final\netty-buffer-4.0.56.Final.jar;C:\Users\cog_sjanar\.m2\repository\io\netty\netty-common\4.0.56.Final\netty-common-4.0.56.Final.jar;C:\Users\cog_sjanar\.m2\repository\io\netty\netty-transport\4.0.56.Final\netty-transport-4.0.56.Final.jar;C:\Users\cog_sjanar\.m2\repository\io\netty\netty-codec\4.0.56.Final\netty-codec-4.0.56.Final.jar;C:\Users\cog_sjanar\.m2\repository\io\dropwizard\metrics\metrics-core\3.2.2\metrics-core-3.2.2.jar;C:\Users\cog_sjanar\.m2\repository\com\github\jnr\jnr-ffi\2.1.7\jnr-ffi-2.1.7.jar;C:\Users\cog_sjanar\.m2\repository\com\github\jnr\jffi\1.2.16\jffi-1.2.16.jar;C:\Users\cog_sjanar\.m2\repository\com\github\jnr\jffi\1.2.16\jffi-1.2.16-native.jar;C:\Users\cog_sjanar\.m2\repository\org\ow2\asm\asm\5.0.3\asm-5.0.3.jar;C:\Users\cog_sjanar\.m2\repository\org\ow2\asm\asm-commons\5.0.3\asm-commons-5.0.3.jar;C:\Users\cog_sjanar\.m2\repository\org\ow2\asm\asm-analysis\5.0.3\asm-analysis-5.0.3.jar;C:\Users\cog_sjanar\.m2\repository\org\ow2\asm\asm-tree\5.0.3\asm-tree-5.0.3.jar;C:\Users\cog_sjanar\.m2\repository\org\ow2\asm\asm-util\5.0.3\asm-util-5.0.3.jar;C:\Users\cog_sjanar\.m2\repository\com\github\jnr\jnr-x86asm\1.0.2\jnr-x86asm-1.0.2.jar;C:\Users\cog_sjanar\.m2\repository\com\github\jnr\jnr-posix\3.0.44\jnr-posix-3.0.44.jar;C:\Users\cog_sjanar\.m2\repository\com\github\jnr\jnr-constants\0.9.9\jnr-constants-0.9.9.jar;C:\Users\cog_sjanar\.m2\repository\com\datastax\cassandra\cassandra-driver-mapping\3.10.2\cassandra-driver-mapping-3.10.2.jar;C:\Users\cog_sjanar\.m2\repository\com\datastax\cassandra\cassandra-driver-extras\3.10.2\cassandra-driver-extras-3.10.2.jar;C:\Users\cog_sjanar\.m2\repository\org\cassandraunit\cassandra-unit\3.11.2.0\cassandra-unit-3.11.2.0.jar;C:\Users\cog_sjanar\.m2\repository\org\apache\cassandra\cassandra-all\3.11.4\cassandra-all-3.11.4.jar;C:\Users\cog_sjanar\.m2\repository\org\xerial\snappy\snappy-java\1.1.1.7\snappy-java-1.1.1.7.jar;C:\Users\cog_sjanar\.m2\repository\net\jpountz\lz4\lz4\1.3.0\lz4-1.3.0.jar;C:\Users\cog_sjanar\.m2\repository\com\ning\compress-lzf\0.8.4\compress-lzf-0.8.4.jar;C:\Users\cog_sjanar\.m2\repository\commons-cli\commons-cli\1.1\commons-cli-1.1.jar;C:\Users\cog_sjanar\.m2\repository\com\googlecode\concurrentlinkedhashmap\concurrentlinkedhashmap-lru\1.4\concurrentlinkedhashmap-lru-1.4.jar;C:\Users\cog_sjanar\.m2\repository\org\antlr\antlr\3.5.2\antlr-3.5.2.jar;C:\Users\cog_sjanar\.m2\repository\org\antlr\ST4\4.0.8\ST4-4.0.8.jar;C:\Users\cog_sjanar\.m2\repository\org\antlr\antlr-runtime\3.5.2\antlr-runtime-3.5.2.jar;C:\Users\cog_sjanar\.m2\repository\org\slf4j\jcl-over-slf4j\1.7.7\jcl-over-slf4j-1.7.7.jar;C:\Users\cog_sjanar\.m2\repository\org\codehaus\jackson\jackson-core-asl\1.9.2\jackson-core-asl-1.9.2.jar;C:\Users\cog_sjanar\.m2\repository\org\codehaus\jackson\jackson-mapper-asl\1.9.2\jackson-mapper-asl-1.9.2.jar;C:\Users\cog_sjanar\.m2\repository\com\boundary\high-scale-lib\1.0.6\high-scale-lib-1.0.6.jar;C:\Users\cog_sjanar\.m2\repository\org\mindrot\jbcrypt\0.3m\jbcrypt-0.3m.jar;C:\Users\cog_sjanar\.m2\repository\io\airlift\airline\0.6\airline-0.6.jar;C:\Users\cog_sjanar\.m2\repository\javax\inject\javax.inject\1\javax.inject-1.jar;C:\Users\cog_sjanar\.m2\repository\io\dropwizard\metrics\metrics-jvm\3.1.5\metrics-jvm-3.1.5.jar;C:\Users\cog_sjanar\.m2\repository\com\addthis\metrics\reporter-config3\3.0.3\reporter-config3-3.0.3.jar;C:\Users\cog_sjanar\.m2\repository\com\addthis\metrics\reporter-config-base\3.0.3\reporter-config-base-3.0.3.jar;C:\Users\cog_sjanar\.m2\repository\com\thinkaurelius\thrift\thrift-server\0.3.7\thrift-server-0.3.7.jar;C:\Users\cog_sjanar\.m2\repository\com\lmax\disruptor\3.0.1\disruptor-3.0.1.jar;C:\Users\cog_sjanar\.m2\repository\com\clearspring\analytics\stream\2.5.2\stream-2.5.2.jar;C:\Users\cog_sjanar\.m2\repository\it\unimi\dsi\fastutil\6.5.7\fastutil-6.5.7.jar;C:\Users\cog_sjanar\.m2\repository\ch\qos\logback\logback-core\1.1.3\logback-core-1.1.3.jar;C:\Users\cog_sjanar\.m2\repository\ch\qos\logback\logback-classic\1.1.3\logback-classic-1.1.3.jar;C:\Users\cog_sjanar\.m2\repository\org\apache\cassandra\cassandra-thrift\3.11.4\cassandra-thrift-3.11.4.jar;C:\Users\cog_sjanar\.m2\repository\com\carrotsearch\hppc\0.5.4\hppc-0.5.4.jar;C:\Users\cog_sjanar\.m2\repository\de\jflex\jflex\1.6.0\jflex-1.6.0.jar;C:\Users\cog_sjanar\.m2\repository\org\apache\ant\ant\1.7.0\ant-1.7.0.jar;C:\Users\cog_sjanar\.m2\repository\org\apache\ant\ant-launcher\1.7.0\ant-launcher-1.7.0.jar;C:\Users\cog_sjanar\.m2\repository\com\github\rholder\snowball-stemmer\1.3.0.581.1\snowball-stemmer-1.3.0.581.1.jar;C:\Users\cog_sjanar\.m2\repository\com\googlecode\concurrent-trees\concurrent-trees\2.4.0\concurrent-trees-2.4.0.jar;C:\Users\cog_sjanar\.m2\repository\com\github\jbellis\jamm\0.3.0\jamm-0.3.0.jar;C:\Users\cog_sjanar\.m2\repository\org\fusesource\sigar\1.6.4\sigar-1.6.4.jar;C:\Users\cog_sjanar\.m2\repository\org\eclipse\jdt\core\compiler\ecj\4.4.2\ecj-4.4.2.jar;C:\Users\cog_sjanar\.m2\repository\org\caffinitas\ohc\ohc-core\0.4.4\ohc-core-0.4.4.jar;C:\Users\cog_sjanar\.m2\repository\org\caffinitas\ohc\ohc-core-j8\0.4.4\ohc-core-j8-0.4.4.jar;C:\Users\cog_sjanar\.m2\repository\com\github\ben-manes\caffeine\caffeine\2.2.6\caffeine-2.2.6.jar;C:\Users\cog_sjanar\.m2\repository\org\jctools\jctools-core\1.2.1\jctools-core-1.2.1.jar;C:\Users\cog_sjanar\.m2\repository\org\apache\thrift\libthrift\0.9.2\libthrift-0.9.2.jar;C:\Users\cog_sjanar\.m2\repository\net\java\dev\jna\jna\4.1.0\jna-4.1.0.jar;C:\Users\cog_sjanar\.m2\repository\org\hamcrest\hamcrest-library\1.3\hamcrest-library-1.3.jar;C:\Users\cog_sjanar\.m2\repository\org\apache\poi\poi\4.1.2\poi-4.1.2.jar;C:\Users\cog_sjanar\.m2\repository\commons-codec\commons-codec\1.13\commons-codec-1.13.jar;C:\Users\cog_sjanar\.m2\repository\org\apache\commons\commons-collections4\4.4\commons-collections4-4.4.jar;C:\Users\cog_sjanar\.m2\repository\org\apache\commons\commons-math3\3.6.1\commons-math3-3.6.1.jar;C:\Users\cog_sjanar\.m2\repository\com\zaxxer\SparseBitSet\1.2\SparseBitSet-1.2.jar;C:\Users\cog_sjanar\.m2\repository\org\apache\poi\poi-ooxml\4.1.2\poi-ooxml-4.1.2.jar;C:\Users\cog_sjanar\.m2\repository\org\apache\poi\poi-ooxml-schemas\4.1.2\poi-ooxml-schemas-4.1.2.jar;C:\Users\cog_sjanar\.m2\repository\org\apache\xmlbeans\xmlbeans\3.1.0\xmlbeans-3.1.0.jar;C:\Users\cog_sjanar\.m2\repository\org\apache\commons\commons-compress\1.19\commons-compress-1.19.jar;C:\Users\cog_sjanar\.m2\repository\com\github\virtuald\curvesapi\1.06\curvesapi-1.06.jar;C:\Users\cog_sjanar\.m2\repository\io\rest-assured\rest-assured\4.3.3\rest-assured-4.3.3.jar;C:\Users\cog_sjanar\.m2\repository\org\codehaus\groovy\groovy\3.0.7\groovy-3.0.7.jar;C:\Users\cog_sjanar\.m2\repository\org\codehaus\groovy\groovy-xml\3.0.7\groovy-xml-3.0.7.jar;C:\Users\cog_sjanar\.m2\repository\org\apache\httpcomponents\httpclient\4.5.3\httpclient-4.5.3.jar;C:\Users\cog_sjanar\.m2\repository\org\apache\httpcomponents\httpmime\4.5.3\httpmime-4.5.3.jar;C:\Users\cog_sjanar\.m2\repository\org\hamcrest\hamcrest\2.1\hamcrest-2.1.jar;C:\Users\cog_sjanar\.m2\repository\org\ccil\cowan\tagsoup\tagsoup\1.2.1\tagsoup-1.2.1.jar;C:\Users\cog_sjanar\.m2\repository\io\rest-assured\json-path\4.3.3\json-path-4.3.3.jar;C:\Users\cog_sjanar\.m2\repository\org\codehaus\groovy\groovy-json\3.0.7\groovy-json-3.0.7.jar;C:\Users\cog_sjanar\.m2\repository\io\rest-assured\xml-path\4.3.3\xml-path-4.3.3.jar;C:\Users\cog_sjanar\.m2\repository\io\rest-assured\rest-assured-common\4.3.3\rest-assured-common-4.3.3.jar;C:\Users\cog_sjanar\.m2\repository\jakarta\xml\bind\jakarta.xml.bind-api\2.3.3\jakarta.xml.bind-api-2.3.3.jar;C:\Users\cog_sjanar\.m2\repository\jakarta\activation\jakarta.activation-api\1.2.2\jakarta.activation-api-1.2.2.jar;C:\Users\cog_sjanar\.m2\repository\com\sun\xml\bind\jaxb-impl\2.3.3\jaxb-impl-2.3.3.jar;C:\Users\cog_sjanar\.m2\repository\com\jayway\jsonpath\json-path\2.5.0\json-path-2.5.0.jar;C:\Users\cog_sjanar\.m2\repository\net\minidev\json-smart\2.3\json-smart-2.3.jar;C:\Users\cog_sjanar\.m2\repository\net\minidev\accessors-smart\1.2\accessors-smart-1.2.jar;C:\Users\cog_sjanar\.m2\repository\org\apache\httpcomponents\httpcore\4.4.14\httpcore-4.4.14.jar;C:\Users\cog_sjanar\.m2\repository\com\codeborne\phantomjsdriver\1.4.1\phantomjsdriver-1.4.1.jar;C:\Users\cog_sjanar\.m2\repository\com\googlecode\json-simple\json-simple\1.1.1\json-simple-1.1.1.jar;C:\Users\cog_sjanar\.m2\repository\com\amazonaws\aws-java-sdk-s3\1.11.1034\aws-java-sdk-s3-1.11.1034.jar;C:\Users\cog_sjanar\.m2\repository\com\amazonaws\aws-java-sdk-kms\1.11.1034\aws-java-sdk-kms-1.11.1034.jar;C:\Users\cog_sjanar\.m2\repository\com\amazonaws\aws-java-sdk-core\1.11.1034\aws-java-sdk-core-1.11.1034.jar;C:\Users\cog_sjanar\.m2\repository\software\amazon\ion\ion-java\1.0.2\ion-java-1.0.2.jar;C:\Users\cog_sjanar\.m2\repository\com\fasterxml\jackson\dataformat\jackson-dataformat-cbor\2.6.7\jackson-dataformat-cbor-2.6.7.jar;C:\Users\cog_sjanar\.m2\repository\com\amazonaws\jmespath-java\1.11.1034\jmespath-java-1.11.1034.jar;"/>
    <property name="sun.cpu.endian" value="little"/>
    <property name="user.home" value="C:\Users\cog_sjanar"/>
    <property name="user.language" value="en"/>
    <property name="java.specification.vendor" value="Oracle Corporation"/>
    <property name="java.home" value="C:\Program Files\Java\jdk1.8.0_211\jre"/>
    <property name="basedir" value="C:\Digital Automation\Selenium automation\NRGAutomation"/>
    <property name="file.separator" value="\"/>
    <property name="line.separator" value="&#10;"/>
    <property name="java.vm.specification.vendor" value="Oracle Corporation"/>
    <property name="java.specification.name" value="Java Platform API Specification"/>
    <property name="java.awt.graphicsenv" value="sun.awt.Win32GraphicsEnvironment"/>
    <property name="surefire.real.class.path" value="C:\Users\COG_SJ~1\AppData\Local\Temp\surefire833439924100975245\surefirebooter2144328940198669769.jar"/>
    <property name="sun.boot.class.path" value="C:\Program Files\Java\jdk1.8.0_211\jre\lib\resources.jar;C:\Program Files\Java\jdk1.8.0_211\jre\lib\rt.jar;C:\Program Files\Java\jdk1.8.0_211\jre\lib\sunrsasign.jar;C:\Program Files\Java\jdk1.8.0_211\jre\lib\jsse.jar;C:\Program Files\Java\jdk1.8.0_211\jre\lib\jce.jar;C:\Program Files\Java\jdk1.8.0_211\jre\lib\charsets.jar;C:\Program Files\Java\jdk1.8.0_211\jre\lib\jfr.jar;C:\Program Files\Java\jdk1.8.0_211\jre\classes"/>
    <property name="user.script" value=""/>
    <property name="sun.management.compiler" value="HotSpot 64-Bit Tiered Compilers"/>
    <property name="java.runtime.version" value="1.8.0_211-b12"/>
    <property name="user.name" value="cog_Sjanar"/>
    <property name="path.separator" value=";"/>
    <property name="os.version" value="10.0"/>
    <property name="java.endorsed.dirs" value="C:\Program Files\Java\jdk1.8.0_211\jre\lib\endorsed"/>
    <property name="java.runtime.name" value="Java(TM) SE Runtime Environment"/>
    <property name="file.encoding" value="Cp1252"/>
    <property name="java.vm.name" value="Java HotSpot(TM) 64-Bit Server VM"/>
    <property name="localRepository" value="C:\Users\cog_sjanar\.m2\repository"/>
    <property name="java.vendor.url.bug" value="http://bugreport.sun.com/bugreport/"/>
    <property name="java.io.tmpdir" value="C:\Users\COG_SJ~1\AppData\Local\Temp\"/>
    <property name="java.version" value="1.8.0_211"/>
    <property name="user.dir" value="C:\Digital Automation\Selenium automation\NRGAutomation"/>
    <property name="os.arch" value="amd64"/>
    <property name="java.vm.specification.name" value="Java Virtual Machine Specification"/>
    <property name="java.awt.printerjob" value="sun.awt.windows.WPrinterJob"/>
    <property name="sun.os.patch.level" value=""/>
    <property name="java.library.path" value="C:\Program Files\Java\jdk1.8.0_211\jre\bin;C:\WINDOWS\Sun\Java\bin;C:\WINDOWS\system32;C:\WINDOWS;C:/Users/cog_sjanar/.p2/pool/plugins/org.eclipse.justj.openjdk.hotspot.jre.full.win32.x86_64_17.0.0.v20211012-1059/jre/bin/server;C:/Users/cog_sjanar/.p2/pool/plugins/org.eclipse.justj.openjdk.hotspot.jre.full.win32.x86_64_17.0.0.v20211012-1059/jre/bin;C:\Program Files (x86)\Common Files\Oracle\Java\javapath;C:\Program Files (x86)\TRICENTIS\Tosca Testsuite;C:\Tosca_Projects;C:\Program Files (x86)\TRICENTIS\Tosca Testsuite\dll;C:\Program Files (x86)\TRICENTIS\Tosca Testsuite\dll\GuptaEngine;C:\Program Files (x86)\TRICENTIS\Tosca Testsuite\;C:\Program Files (x86)\TRICENTIS\Tosca Testsuite\dll\DelphiEngine;C:\Program Files (x86)\TRICENTIS\Tosca Testsuite\dll\PBEngine;C:\Program Files (x86)\TRICENTIS\Tosca Testsuite\dll\VBEngine;C:\Program Files (x86)\TRICENTIS\Tosca Testsuite\dll\DotNetHooking;;C:\Program Files (x86)\TRICENTIS\Tosca Testsuite\Resources\Mobile\Tools;C:\Program Files (x86)\RSA SecurID Token Common;C:\Program Files\RSA SecurID Token Common;C:\WINDOWS\system32;C:\WINDOWS;C:\WINDOWS\System32\Wbem;C:\WINDOWS\System32\WindowsPowerShell\v1.0\;C:\WINDOWS\System32\OpenSSH\;C:\WINDOWS\system32\config\systemprofile\.dnx\bin;C:\Program Files\Microsoft DNX\Dnvm\;C:\Program Files (x86)\Microsoft SQL Server\Client SDK\ODBC\130\Tools\Binn\;C:\Program Files (x86)\Microsoft SQL Server\140\Tools\Binn\;C:\Program Files (x86)\Microsoft SQL Server\140\DTS\Binn\;C:\Program Files (x86)\Microsoft SQL Server\140\Tools\Binn\ManagementStudio\;C:\Program Files (x86)\Intel\Intel(R) Management Engine Components\DAL;C:\Program Files\Intel\Intel(R) Management Engine Components\DAL;C:\Program Files\Java\jdk1.8.0_211\bin;C:\Oracle\product\11.2.0\client_1\bin;%MAVEN_HOME%\bin;C:\Program Files\Git\cmd;C:\Program Files\TortoiseGit\bin;C:\Program Files\dotnet\;C:\Users\cog_sjanar\AppData\Local\Microsoft\WindowsApps;C:\Users\cog_sjanar\AppData\Local\Programs\Fiddler;C:\Users\cog_sjanar\genrocket\bin;C:\Users\cog_sjanar\AppData\Local\Programs\Microsoft VS Code\bin;C:\Users\cog_sjanar\.dotnet\tools;C:\Program Files\PuTTY\;C:\Program Files (x86)\WinSCP\;C:\Users\cog_sjanar\eclipse\java-2021-09\eclipse;;."/>
    <property name="java.vm.info" value="mixed mode"/>
    <property name="java.vendor" value="Oracle Corporation"/>
    <property name="java.vm.version" value="25.211-b12"/>
    <property name="java.ext.dirs" value="C:\Program Files\Java\jdk1.8.0_211\jre\lib\ext;C:\WINDOWS\Sun\Java\lib\ext"/>
    <property name="sun.io.unicode.encoding" value="UnicodeLittle"/>
    <property name="java.class.version" value="52.0"/>
  </properties>
</testsuite>