<?xml version="1.0" encoding="UTF-8"?>
<!-- Generated by org.testng.reporters.JUnitReportReporter -->
<testsuite skipped="0" hostname="L11834" name="Stepdefinitions.DSPLoginStepdefinition" tests="1" failures="0" timestamp="2021-10-28T12:57:15 CDT" time="9.574" errors="0">
  <testcase name="launchApp" time="9.574" classname="Stepdefinitions.DSPLoginStepdefinition"/>
  <system-out/>
</testsuite> <!-- Stepdefinitions.DSPLoginStepdefinition -->
